 RANCH version 2.1 - r(9453)
 Started: ............................................... : Thu Jul  6 20:18:17 2017
 iSeed .................................................. : 1470902687
 Chain type ............................................. : Random
 Sequence file name: .................................... : target_clean.fasta
 Symmetry: .............................................. : p1
 Symmetry type: ......................................... : aSymmetric
 Number of residues per chain: .......................... : 363
 Number of atoms: ....................................... : 2696
 Number of domains: ..................................... : 2
  ---------------------------------------------------------
 Domain number: ......................................... : 1
 Path: .................................................. : domain01_fk.pdb
 Kept in the original PDB coordinates: .................. : 1
 Oligomer: .............................................. : 0
 DNA file name: ......................................... : None
  ---------------------------------------------------------
 Domain number: ......................................... : 2
 Path: .................................................. : domain02_cit_clean.pdb
 Kept in the original PDB coordinates: .................. : 0
 Oligomer: .............................................. : 0
 DNA file name: ......................................... : None
  ---------------------------------------------------------
 Contact file name: ..................................... : None
 Number of structures: .................................. : 10
 Suffix of the pdb files: ............................... : eom
 Output Folder Path: .................................... : ./
 Number of experimental curves: ......................... : 0
 Structure number         Seed       Type(0=aSymm,1=Symm,2=noSymm)
       1               1470902687     2
       2               1470902688     2
       3               1470902689     2
       4               1470902690     2
       5               1470902691     2
       6               1470902692     2
       7               1470902693     2
       8               1470902694     2
       9               1470902695     2
      10               1470902696     2
 Completed: ............................................. : Thu Jul  6 20:18:17 2017
